<?xml version="1.0" encoding="UTF-8"?>
<testsuite xmlns:xsi="http://www.w3.org/2001/XMLSchema-instance" xsi:noNamespaceSchemaLocation="https://maven.apache.org/surefire/maven-surefire-plugin/xsd/surefire-test-report-3.0.xsd" version="3.0" name="com.tingeso.tingesoMS_report.TingesoMsReportApplicationTests" time="3.491" tests="1" errors="0" skipped="0" failures="0">
  <properties>
[...]
</properties>
  <testcase name="contextLoads" classname="com.tingeso.tingesoMS_report.TingesoMsReportApplicationTests" time="0.012">
    <system-out><![CDATA[14:56:08.207 [main] INFO org.springframework.test.context.support.AnnotationConfigContextLoaderUtils -- Could not detect default configuration classes for test class [com.tingeso.tingesoMS_report.TingesoMsReportApplicationTests]: TingesoMsReportApplicationTests does not declare any static, non-private, non-final, nested classes annotated with @Configuration.
14:56:08.349 [main] INFO org.springframework.boot.test.context.SpringBootTestContextBootstrapper -- Found @SpringBootConfiguration com.tingeso.tingesoMS_report.TingesoMsReportApplication for test class com.tingeso.tingesoMS_report.TingesoMsReportApplicationTests

  .   ____          _            __ _ _
 /\\ / ___'_ __ _ _(_)_ __  __ _ \ \ \ \
( ( )\___ | '_ | '_| | '_ \/ _` | \ \ \ \
 \\/  ___)| |_)| | | | | || (_| |  ) ) ) )
  '  |____| .__|_| |_|_| |_\__, | / / / /
 =========|_|==============|___/=/_/_/_/
 :: Spring Boot ::                (v3.1.5)

2026-01-02T14:56:09.583-03:00  INFO 28332 --- [           main] c.t.t.TingesoMsReportApplicationTests    : Starting TingesoMsReportApplicationTests using Java 21.0.7 with PID 28332 (started by demis in C:\Users\demis\Downloads\Tingeso_git\tingesoMS_backend2025\tingesoMS_backend\tingesoMS_report)
2026-01-02T14:56:09.584-03:00  INFO 28332 --- [           main] c.t.t.TingesoMsReportApplicationTests    : No active profile set, falling back to 1 default profile: "default"
2026-01-02T14:56:09.617-03:00  INFO 28332 --- [           main] o.s.c.c.c.ConfigServerConfigDataLoader   : Fetching config from server at : http://localhost:8888
2026-01-02T14:56:09.617-03:00  INFO 28332 --- [           main] o.s.c.c.c.ConfigServerConfigDataLoader   : Exception on Url - http://localhost:8888:org.springframework.web.client.ResourceAccessException: I/O error on GET request for "http://localhost:8888/tingesoMS_report/default": Connection refused: getsockopt. Will be trying the next url if available
2026-01-02T14:56:09.617-03:00  WARN 28332 --- [           main] o.s.c.c.c.ConfigServerConfigDataLoader   : Could not locate PropertySource ([ConfigServerConfigDataResource@51d0ec6f uris = array<String>['http://localhost:8888'], optional = true, profiles = 'default']): I/O error on GET request for "http://localhost:8888/tingesoMS_report/default": Connection refused: getsockopt
2026-01-02T14:56:09.617-03:00  INFO 28332 --- [           main] o.s.c.c.c.ConfigServerConfigDataLoader   : Fetching config from server at : http://localhost:8888
2026-01-02T14:56:09.617-03:00  INFO 28332 --- [           main] o.s.c.c.c.ConfigServerConfigDataLoader   : Exception on Url - http://localhost:8888:org.springframework.web.client.ResourceAccessException: I/O error on GET request for "http://localhost:8888/tingesoMS_report/default": Connection refused: getsockopt. Will be trying the next url if available
2026-01-02T14:56:09.617-03:00  WARN 28332 --- [           main] o.s.c.c.c.ConfigServerConfigDataLoader   : Could not locate PropertySource ([ConfigServerConfigDataResource@36c7cbe1 uris = array<String>['http://localhost:8888'], optional = true, profiles = 'default']): I/O error on GET request for "http://localhost:8888/tingesoMS_report/default": Connection refused: getsockopt
2026-01-02T14:56:09.617-03:00  INFO 28332 --- [           main] o.s.c.c.c.ConfigServerConfigDataLoader   : Fetching config from server at : http://localhost:8888
2026-01-02T14:56:09.618-03:00  INFO 28332 --- [           main] o.s.c.c.c.ConfigServerConfigDataLoader   : Exception on Url - http://localhost:8888:org.springframework.web.client.ResourceAccessException: I/O error on GET request for "http://localhost:8888/tingesoMS_report/default": Connection refused: getsockopt. Will be trying the next url if available
2026-01-02T14:56:09.618-03:00  WARN 28332 --- [           main] o.s.c.c.c.ConfigServerConfigDataLoader   : Could not locate PropertySource ([ConfigServerConfigDataResource@1ac6dd3d uris = array<String>['http://localhost:8888'], optional = true, profiles = 'default']): I/O error on GET request for "http://localhost:8888/tingesoMS_report/default": Connection refused: getsockopt
2026-01-02T14:56:10.422-03:00  INFO 28332 --- [           main] o.s.cloud.context.scope.GenericScope     : BeanFactory id=98eaf4bd-c1ff-3c87-97e3-8b5227070a4e
2026-01-02T14:56:11.312-03:00  INFO 28332 --- [           main] DiscoveryClientOptionalArgsConfiguration : Eureka HTTP Client uses RestTemplate.
2026-01-02T14:56:11.414-03:00  WARN 28332 --- [           main] iguration$LoadBalancerCaffeineWarnLogger : Spring Cloud LoadBalancer is currently working with the default cache. While this cache implementation is useful for development and tests, it's recommended to use Caffeine cache in production.You can switch to using Caffeine cache, by adding it and org.springframework.cache.caffeine.CaffeineCacheManager to the classpath.
2026-01-02T14:56:11.445-03:00  INFO 28332 --- [           main] c.t.t.TingesoMsReportApplicationTests    : Started TingesoMsReportApplicationTests in 2.785 seconds (process running for 5.439)
]]></system-out>
  </testcase>
</testsuite>